<?xml version="1.0" encoding="UTF-8"?>
<testng-results skipped="0" failed="0" ignored="0" total="1" passed="1">
  <reporter-output>
  </reporter-output>
  <suite name="Suite" duration-ms="21001" started-at="2020-03-07T17:19:31 CST" finished-at="2020-03-07T17:19:52 CST">
    <groups>
    </groups>
    <test name="Test" duration-ms="21001" started-at="2020-03-07T17:19:31 CST" finished-at="2020-03-07T17:19:52 CST">
      <class name="com.mercury.tests.MercuryLoginTest">
        <test-method status="PASS" signature="setUp()[pri:0, instance:com.mercury.tests.MercuryLoginTest@6737fd8f]" name="setUp" is-config="true" duration-ms="12914" started-at="2020-03-07T17:19:31 CST" finished-at="2020-03-07T17:19:44 CST">
          <reporter-output>
          </reporter-output>
        </test-method> <!-- setUp -->
        <test-method status="PASS" signature="loginApp()[pri:0, instance:com.mercury.tests.MercuryLoginTest@6737fd8f]" name="loginApp" duration-ms="7278" started-at="2020-03-07T17:19:44 CST" finished-at="2020-03-07T17:19:52 CST">
          <reporter-output>
          </reporter-output>
        </test-method> <!-- loginApp -->
        <test-method status="PASS" signature="tearDown()[pri:0, instance:com.mercury.tests.MercuryLoginTest@6737fd8f]" name="tearDown" is-config="true" duration-ms="766" started-at="2020-03-07T17:19:52 CST" finished-at="2020-03-07T17:19:52 CST">
          <reporter-output>
          </reporter-output>
        </test-method> <!-- tearDown -->
      </class> <!-- com.mercury.tests.MercuryLoginTest -->
    </test> <!-- Test -->
  </suite> <!-- Suite -->
</testng-results>
